d:\users\dmitr\загрузки\stm32cube_fw_f4-master\stm32cube_fw_f4-master\projects\win32\stemwin_simulation\output\debug\simulation.bsc
d:\users\dmitr\загрузки\stm32cube_fw_f4-master\stm32cube_fw_f4-master\projects\win32\stemwin_simulation\output\obj\guiconf.sbr
d:\users\dmitr\загрузки\stm32cube_fw_f4-master\stm32cube_fw_f4-master\projects\win32\stemwin_simulation\output\debug\guiconf.obj
d:\users\dmitr\загрузки\stm32cube_fw_f4-master\stm32cube_fw_f4-master\projects\win32\stemwin_simulation\output\obj\winmain.sbr
d:\users\dmitr\загрузки\stm32cube_fw_f4-master\stm32cube_fw_f4-master\projects\win32\stemwin_simulation\output\debug\winmain.obj
d:\users\dmitr\загрузки\stm32cube_fw_f4-master\stm32cube_fw_f4-master\projects\win32\stemwin_simulation\output\obj\lcdconf.sbr
d:\users\dmitr\загрузки\stm32cube_fw_f4-master\stm32cube_fw_f4-master\projects\win32\stemwin_simulation\output\debug\lcdconf.obj
d:\users\dmitr\загрузки\stm32cube_fw_f4-master\stm32cube_fw_f4-master\projects\win32\stemwin_simulation\output\obj\simconf.sbr
d:\users\dmitr\загрузки\stm32cube_fw_f4-master\stm32cube_fw_f4-master\projects\win32\stemwin_simulation\output\debug\simconf.obj
d:\users\dmitr\загрузки\stm32cube_fw_f4-master\stm32cube_fw_f4-master\projects\win32\stemwin_simulation\output\obj\maintask.sbr
d:\users\dmitr\загрузки\stm32cube_fw_f4-master\stm32cube_fw_f4-master\projects\win32\stemwin_simulation\output\debug\maintask.obj
d:\users\dmitr\загрузки\stm32cube_fw_f4-master\stm32cube_fw_f4-master\projects\win32\stemwin_simulation\output\debug\vc141.pdb
d:\users\dmitr\загрузки\stm32cube_fw_f4-master\stm32cube_fw_f4-master\projects\win32\stemwin_simulation\output\debug\vc140.pdb
d:\users\dmitr\загрузки\stm32cube_fw_f4-master\stm32cube_fw_f4-master\projects\win32\stemwin_simulation\output\debug\vc141.idb
d:\users\dmitr\загрузки\stm32cube_fw_f4-master\stm32cube_fw_f4-master\projects\win32\stemwin_simulation\output\exe\simulation.exe
d:\users\dmitr\загрузки\stm32cube_fw_f4-master\stm32cube_fw_f4-master\projects\win32\stemwin_simulation\output\exe\simulation.ilk
d:\users\dmitr\загрузки\stm32cube_fw_f4-master\stm32cube_fw_f4-master\projects\win32\stemwin_simulation\output\exe\simulation.pdb
d:\users\dmitr\загрузки\stm32cube_fw_f4-master\stm32cube_fw_f4-master\projects\win32\stemwin_simulation\.\output\exe\simulation.exe
d:\users\dmitr\загрузки\stm32cube_fw_f4-master\stm32cube_fw_f4-master\projects\win32\stemwin_simulation\output\obj\simulation.tlog\bscmake.command.1.tlog
d:\users\dmitr\загрузки\stm32cube_fw_f4-master\stm32cube_fw_f4-master\projects\win32\stemwin_simulation\output\obj\simulation.tlog\bscmake.read.1.tlog
d:\users\dmitr\загрузки\stm32cube_fw_f4-master\stm32cube_fw_f4-master\projects\win32\stemwin_simulation\output\obj\simulation.tlog\bscmake.write.1.tlog
d:\users\dmitr\загрузки\stm32cube_fw_f4-master\stm32cube_fw_f4-master\projects\win32\stemwin_simulation\output\obj\simulation.tlog\cl.command.1.tlog
d:\users\dmitr\загрузки\stm32cube_fw_f4-master\stm32cube_fw_f4-master\projects\win32\stemwin_simulation\output\obj\simulation.tlog\cl.read.1.tlog
d:\users\dmitr\загрузки\stm32cube_fw_f4-master\stm32cube_fw_f4-master\projects\win32\stemwin_simulation\output\obj\simulation.tlog\cl.write.1.tlog
d:\users\dmitr\загрузки\stm32cube_fw_f4-master\stm32cube_fw_f4-master\projects\win32\stemwin_simulation\output\obj\simulation.tlog\link.command.1.tlog
d:\users\dmitr\загрузки\stm32cube_fw_f4-master\stm32cube_fw_f4-master\projects\win32\stemwin_simulation\output\obj\simulation.tlog\link.read.1.tlog
d:\users\dmitr\загрузки\stm32cube_fw_f4-master\stm32cube_fw_f4-master\projects\win32\stemwin_simulation\output\obj\simulation.tlog\link.write.1.tlog
